<?xml version="1.0" encoding="UTF-8"?>
<!-- Generated by org.testng.reporters.JUnitReportReporter -->
<testsuite hostname="sambit-PC" name="com.apitest.assignment.AcceptanceCriteria1" tests="1" failures="0" timestamp="2 Feb 2019 19:21:22 GMT" time="4.765" errors="0">
  <testcase name="APIAssignmentAcceptanceCriteria1" time="4.765" classname="com.apitest.assignment.AcceptanceCriteria1"/>
</testsuite>
