<?xml version="1.0" encoding="UTF-8"?>
<!-- Generated by org.testng.reporters.JUnitReportReporter -->
<testsuite hostname="sambit-PC" name="com.apitest.assignment.AcceptanceCriteria2" tests="1" failures="0" timestamp="2 Feb 2019 19:21:22 GMT" time="1.893" errors="0">
  <testcase name="APIAssignmentAcceptanceCriteria2" time="1.893" classname="com.apitest.assignment.AcceptanceCriteria2"/>
</testsuite>
